\BOOKMARK [1][-]{chapter*.1}{\376\377\000C\000o\000n\000t\000e\000n\000t\000s}{}% 1
\BOOKMARK [1][-]{chapter*.2}{\376\377\000P\000R\000E\000F\000A\000C\000E}{}% 2
\BOOKMARK [-1][-]{part.1}{\376\377\000I\000\040\000M\000o\000d\000e\000l\000i\000n\000g\000,\000\040\000C\000o\000m\000p\000u\000t\000e\000r\000s\000\040\000a\000n\000d\000\040\000E\000r\000r\000o\000r\000\040\000A\000n\000a\000l\000y\000s\000i\000s}{}% 3
\BOOKMARK [0][-]{section.0.1}{\376\377\000M\000O\000T\000I\000V\000A\000T\000I\000O\000N}{part.1}% 4
\BOOKMARK [1][-]{section.0.2}{\376\377\000P\000A\000R\000T\000\040\000O\000R\000G\000A\000N\000I\000Z\000A\000T\000I\000O\000N}{section.0.1}% 5
\BOOKMARK [0][-]{chapter.1}{\376\377\000M\000o\000d\000e\000l\000i\000n\000g\000,\000\040\000N\000u\000m\000e\000r\000i\000c\000a\000l\000\040\000M\000e\000t\000h\000o\000d\000s\000,\000\040\000a\000n\000d\000\040\000P\000r\000o\000b\000l\000e\000m\000\040\000S\000o\000l\000v\000i\000n\000g}{part.1}% 6
\BOOKMARK [1][-]{section.1.1}{\376\377\000A\000\040\000S\000I\000M\000P\000L\000E\000\040\000M\000A\000T\000H\000E\000M\000A\000T\000I\000C\000A\000L\000\040\000M\000O\000D\000E\000L}{chapter.1}% 7
\BOOKMARK [0][-]{chapter.2}{\376\377\000R\000o\000u\000n\000d\000o\000f\000f\000\040\000a\000n\000d\000\040\000T\000r\000u\000n\000c\000a\000t\000i\000o\000n\000\040\000E\000r\000r\000o\000r\000s}{part.1}% 8
\BOOKMARK [1][-]{section.2.1}{\376\377\000E\000R\000R\000O\000R\000S}{chapter.2}% 9
\BOOKMARK [2][-]{subsection.2.1.1}{\376\377\000A\000c\000c\000u\000r\000a\000c\000y\000\040\000a\000n\000d\000\040\000P\000r\000e\000c\000i\000s\000i\000o\000n}{section.2.1}% 10
\BOOKMARK [2][-]{subsection.2.1.2}{\376\377\000E\000r\000r\000o\000r\000\040\000D\000e\000f\000i\000n\000i\000t\000i\000o\000n\000s}{section.2.1}% 11
\BOOKMARK [2][-]{subsection.2.1.3}{\376\377\000C\000o\000m\000p\000u\000t\000e\000r\000\040\000A\000l\000g\000o\000r\000i\000t\000h\000m\000\040\000f\000o\000r\000\040\000I\000t\000e\000r\000a\000t\000i\000v\000e\000\040\000C\000a\000l\000c\000u\000l\000a\000t\000i\000o\000n\000s}{section.2.1}% 12
\BOOKMARK [1][-]{section.2.2}{\376\377\000R\000O\000U\000N\000D\000O\000F\000F\000\040\000E\000R\000R\000O\000R\000S}{chapter.2}% 13
\BOOKMARK [2][-]{subsection.2.2.1}{\376\377\000C\000o\000m\000p\000u\000t\000e\000r\000\040\000N\000u\000m\000b\000e\000r\000\040\000R\000e\000p\000r\000e\000s\000e\000n\000t\000a\000t\000i\000o\000n}{section.2.2}% 14
\BOOKMARK [2][-]{subsection.2.2.2}{\376\377\000A\000r\000i\000t\000h\000m\000e\000t\000i\000c\000\040\000M\000a\000n\000i\000p\000u\000l\000a\000t\000i\000o\000n\000s\000\040\000o\000f\000\040\000C\000o\000m\000p\000u\000t\000e\000r\000\040\000N\000u\000m\000b\000e\000r\000s}{section.2.2}% 15
\BOOKMARK [1][-]{section.2.3}{\376\377\000T\000R\000U\000N\000C\000A\000T\000I\000O\000N\000\040\000E\000R\000R\000O\000R\000S}{chapter.2}% 16
\BOOKMARK [2][-]{subsection.2.3.1}{\376\377\000T\000h\000e\000\040\000T\000a\000y\000l\000o\000r\000\040\000S\000e\000r\000i\000e\000s}{section.2.3}% 17
\BOOKMARK [2][-]{subsection.2.3.2}{\376\377\000T\000h\000e\000\040\000R\000e\000m\000a\000i\000n\000d\000e\000r\000\040\000f\000o\000r\000\040\000t\000h\000e\000\040\000T\000a\000y\000l\000o\000r\000\040\000S\000e\000r\000i\000e\000s\000\040\000E\000x\000p\000a\000n\000s\000i\000o\000n}{section.2.3}% 18
\BOOKMARK [2][-]{subsection.2.3.3}{\376\377\000U\000s\000i\000n\000g\000\040\000t\000h\000e\000\040\000T\000a\000y\000l\000o\000r\000\040\000S\000e\000r\000i\000e\000s\000\040\000t\000o\000\040\000E\000s\000t\000i\000m\000a\000t\000e\000\040\000T\000r\000u\000n\000c\000a\000t\000i\000o\000n\000\040\000E\000r\000r\000o\000r\000s}{section.2.3}% 19
\BOOKMARK [2][-]{subsection.2.3.4}{\376\377\000N\000u\000m\000e\000r\000i\000c\000a\000l\000\040\000D\000i\000f\000f\000e\000r\000e\000n\000t\000i\000a\000t\000i\000o\000n}{section.2.3}% 20
\BOOKMARK [1][-]{section.2.4}{\376\377\000T\000O\000T\000A\000L\000\040\000N\000U\000M\000E\000R\000I\000C\000A\000L\000\040\000E\000R\000R\000O\000R}{chapter.2}% 21
\BOOKMARK [2][-]{subsection.2.4.1}{\376\377\000E\000r\000r\000o\000r\000\040\000A\000n\000a\000l\000y\000s\000i\000s\000\040\000o\000f\000\040\000N\000u\000m\000e\000r\000i\000c\000a\000l\000\040\000D\000i\000f\000f\000e\000r\000e\000n\000t\000i\000a\000t\000i\000o\000n}{section.2.4}% 22
\BOOKMARK [2][-]{subsection.2.4.2}{\376\377\000C\000o\000n\000t\000r\000o\000l\000\040\000o\000f\000\040\000N\000u\000m\000e\000r\000i\000c\000a\000l\000\040\000E\000r\000r\000o\000r\000s}{section.2.4}% 23
\BOOKMARK [1][-]{section.2.5}{\376\377\000B\000L\000U\000N\000D\000E\000R\000S\000,\000\040\000M\000O\000D\000E\000L\000\040\000E\000R\000R\000O\000R\000S\000,\000\040\000A\000N\000D\000\040\000D\000A\000T\000A\000\040\000U\000N\000C\000E\000R\000T\000A\000I\000N\000T\000Y}{chapter.2}% 24
\BOOKMARK [2][-]{subsection.2.5.1}{\376\377\000B\000l\000u\000n\000d\000e\000r\000s}{section.2.5}% 25
\BOOKMARK [2][-]{subsection.2.5.2}{\376\377\000M\000o\000d\000e\000l\000\040\000E\000r\000r\000o\000r\000s}{section.2.5}% 26
\BOOKMARK [2][-]{subsection.2.5.3}{\376\377\000D\000a\000t\000a\000\040\000U\000n\000c\000e\000r\000t\000a\000i\000n\000t\000y}{section.2.5}% 27
\BOOKMARK [-1][-]{part.2}{\376\377\000I\000I\000\040\000R\000o\000o\000t\000s\000\040\000a\000n\000d\000\040\000O\000p\000t\000i\000m\000i\000z\000a\000t\000i\000o\000n}{}% 28
\BOOKMARK [0][-]{section*.33}{\376\377\000R\000o\000o\000t\000s\000\040\000a\000n\000d\000\040\000O\000p\000t\000i\000m\000i\000z\000a\000t\000i\000o\000n}{part.2}% 29
\BOOKMARK [1][-]{section.2.6}{\376\377\000O\000V\000E\000R\000V\000I\000E\000W}{part.2}% 30
\BOOKMARK [1][-]{section.2.7}{\376\377\000P\000A\000R\000T\000\040\000O\000R\000G\000A\000N\000I\000Z\000A\000T\000I\000O\000N}{part.2}% 31
\BOOKMARK [0][-]{chapter.3}{\376\377\000R\000o\000o\000t\000s\000:\000\040\000B\000r\000a\000c\000k\000e\000t\000i\000n\000g\000\040\000M\000e\000t\000h\000o\000d\000s}{part.2}% 32
\BOOKMARK [1][-]{section.3.1}{\376\377\000R\000O\000O\000T\000S\000\040\000I\000N\000\040\000E\000N\000G\000I\000N\000E\000E\000R\000I\000N\000G\000\040\000A\000N\000D\000\040\000S\000C\000I\000E\000N\000C\000E}{chapter.3}% 33
\BOOKMARK [1][-]{section.3.2}{\376\377\000G\000R\000A\000P\000H\000I\000C\000A\000L\000\040\000M\000E\000T\000H\000O\000D\000S}{chapter.3}% 34
\BOOKMARK [1][-]{section.3.3}{\376\377\000B\000R\000A\000C\000K\000E\000T\000I\000N\000G\000\040\000M\000E\000T\000H\000O\000D\000S\000\040\000A\000N\000D\000\040\000I\000N\000I\000T\000I\000A\000L\000\040\000G\000U\000E\000S\000S\000E\000S}{chapter.3}% 35
\BOOKMARK [2][-]{subsection.3.3.1}{\376\377\000I\000n\000c\000r\000e\000m\000e\000n\000t\000a\000l\000\040\000S\000e\000a\000r\000c\000h}{section.3.3}% 36
\BOOKMARK [1][-]{section.3.4}{\376\377\000B\000I\000S\000E\000C\000T\000I\000O\000N}{chapter.3}% 37
\BOOKMARK [2][-]{subsection.3.4.1}{\376\377\000M\000A\000T\000L\000A\000B\000\040\000M\000-\000f\000i\000l\000e\000:\000\040\000b\000i\000s\000e\000c\000t}{section.3.4}% 38
\BOOKMARK [1][-]{section.3.5}{\376\377\000F\000A\000L\000S\000E\000\040\000P\000O\000S\000I\000T\000I\000V\000E}{chapter.3}% 39
\BOOKMARK [1][-]{section.3.6}{\376\377\000C\000A\000S\000E\000\040\000S\000T\000U\000D\000Y\000:\000\040\000G\000R\000E\000E\000N\000H\000O\000U\000S\000E\000\040\000G\000A\000S\000E\000S\000\040\000A\000N\000D\000\040\000R\000A\000I\000N\000W\000A\000T\000E\000R}{chapter.3}% 40
\BOOKMARK [0][-]{chapter.4}{\376\377\000R\000o\000o\000t\000s\000:\000\040\000O\000p\000e\000n\000\040\000M\000e\000t\000h\000o\000d\000s}{part.2}% 41
\BOOKMARK [1][-]{section.4.1}{\376\377\000S\000I\000M\000P\000L\000E\000\040\000F\000I\000X\000E\000D\000-\000P\000O\000I\000N\000T\000\040\000I\000T\000E\000R\000A\000T\000I\000O\000N}{chapter.4}% 42
\BOOKMARK [1][-]{section.4.2}{\376\377\000N\000E\000W\000T\000O\000N\000-\000R\000A\000P\000H\000S\000O\000N}{chapter.4}% 43
\BOOKMARK [2][-]{subsection.4.2.1}{\376\377\000M\000A\000T\000L\000A\000B\000\040\000M\000-\000f\000i\000l\000e\000:\000\040\000n\000e\000w\000t\000r\000a\000p\000h}{section.4.2}% 44
\BOOKMARK [1][-]{section.4.3}{\376\377\000S\000E\000C\000A\000N\000T\000\040\000M\000E\000T\000H\000O\000D\000S}{chapter.4}% 45
\BOOKMARK [1][-]{section.4.4}{\376\377\000B\000R\000E\000N\000T\000'\000S\000\040\000M\000E\000T\000H\000O\000D}{chapter.4}% 46
\BOOKMARK [2][-]{subsection.4.4.1}{\376\377\000I\000n\000v\000e\000r\000s\000e\000\040\000Q\000u\000a\000d\000r\000a\000t\000i\000c\000\040\000I\000n\000t\000e\000r\000p\000o\000l\000a\000t\000i\000o\000n}{section.4.4}% 47
\BOOKMARK [1][-]{section.4.5}{\376\377\000B\000r\000e\000n\000t\000'\000s\000\040\000M\000e\000t\000h\000o\000d\000\040\000A\000l\000g\000o\000r\000i\000t\000h\000m}{chapter.4}% 48
\BOOKMARK [1][-]{section.4.6}{\376\377\000M\000A\000T\000L\000A\000B\000\040\000F\000U\000N\000C\000T\000I\000O\000N\000:\000\040\000f\000z\000e\000r\000o}{chapter.4}% 49
\BOOKMARK [1][-]{section.4.7}{\376\377\000P\000O\000L\000Y\000N\000O\000M\000I\000A\000L\000S}{chapter.4}% 50
\BOOKMARK [0][-]{chapter.5}{\376\377\000O\000p\000t\000i\000m\000i\000z\000a\000t\000i\000o\000n}{part.2}% 51
\BOOKMARK [1][-]{section.5.1}{\376\377\000A\000\040\000S\000I\000M\000P\000L\000E\000\040\000M\000A\000T\000H\000E\000M\000A\000T\000I\000C\000A\000L\000\040\000M\000O\000D\000E\000L}{chapter.5}% 52
\BOOKMARK [1][-]{section.5.2}{\376\377\000O\000N\000E\000-\000D\000I\000M\000E\000N\000S\000I\000O\000N\000A\000L\000\040\000O\000P\000T\000I\000M\000I\000Z\000A\000T\000I\000O\000N}{chapter.5}% 53
\BOOKMARK [2][-]{subsection.5.2.1}{\376\377\000G\000o\000l\000d\000e\000n\000-\000S\000e\000c\000t\000i\000o\000n\000\040\000S\000e\000a\000r\000c\000h}{section.5.2}% 54
\BOOKMARK [2][-]{subsection.5.2.2}{\376\377\000P\000a\000r\000a\000b\000o\000l\000i\000c\000\040\000I\000n\000t\000e\000r\000p\000o\000l\000a\000t\000i\000o\000n}{section.5.2}% 55
\BOOKMARK [2][-]{subsection.5.2.3}{\376\377\000Q\000u\000a\000n\000t\000i\000f\000i\000c\000a\000t\000i\000o\000n\000\040\000o\000f\000\040\000E\000r\000r\000o\000r\000\040\000o\000f\000\040\000L\000i\000n\000e\000a\000r\000\040\000R\000e\000g\000r\000e\000s\000s\000i\000o\000n}{section.5.2}% 56
\BOOKMARK [1][-]{section.5.3}{\376\377\000L\000I\000N\000E\000A\000R\000I\000Z\000A\000T\000I\000O\000N\000\040\000O\000F\000\040\000N\000O\000N\000L\000I\000N\000E\000A\000R\000\040\000R\000E\000L\000A\000T\000I\000O\000N\000S\000H\000I\000P\000S}{chapter.5}% 57
\BOOKMARK [2][-]{subsection.5.3.1}{\376\377\000G\000e\000n\000e\000r\000a\000l\000\040\000C\000o\000m\000m\000e\000n\000t\000s\000\040\000o\000n\000\040\000L\000i\000n\000e\000a\000r\000\040\000R\000e\000g\000r\000e\000s\000s\000i\000o\000n}{section.5.3}% 58
\BOOKMARK [1][-]{section.5.4}{\376\377\000C\000O\000M\000P\000U\000T\000E\000R\000\040\000A\000P\000P\000L\000I\000C\000A\000T\000I\000O\000N\000S}{chapter.5}% 59
\BOOKMARK [2][-]{subsection.5.4.1}{\376\377\000M\000A\000T\000L\000A\000B\000\040\000M\000-\000f\000i\000l\000e\000:\000\040\000l\000i\000n\000r\000e\000g\000r}{section.5.4}% 60
\BOOKMARK [2][-]{subsection.5.4.2}{\376\377\000M\000A\000T\000L\000A\000B\000\040\000F\000u\000n\000c\000t\000i\000o\000n\000s\000:\000\040\000p\000o\000l\000y\000f\000i\000t\000\040\000a\000n\000d\000\040\000p\000o\000l\000y\000v\000a\000l}{section.5.4}% 61
\BOOKMARK [0][-]{chapter.6}{\376\377\000G\000e\000n\000e\000r\000a\000l\000\040\000L\000i\000n\000e\000a\000r\000\040\000L\000e\000a\000s\000t\000-\000S\000q\000u\000a\000r\000e\000s\000\040\000a\000n\000d\000\040\000N\000o\000n\000l\000i\000n\000e\000a\000r\000\040\000R\000e\000g\000r\000e\000s\000s\000i\000o\000n}{part.2}% 62
\BOOKMARK [1][-]{section.6.1}{\376\377\000P\000O\000L\000Y\000N\000O\000M\000I\000A\000L\000\040\000R\000E\000G\000R\000E\000S\000S\000I\000O\000N}{chapter.6}% 63
\BOOKMARK [1][-]{section.6.2}{\376\377\000M\000U\000L\000T\000I\000P\000L\000E\000\040\000L\000I\000N\000E\000A\000R\000\040\000R\000E\000G\000R\000E\000S\000S\000I\000O\000N}{chapter.6}% 64
\BOOKMARK [0][-]{chapter.7}{\376\377\000P\000o\000l\000y\000n\000o\000m\000i\000a\000l\000\040\000I\000n\000t\000e\000r\000p\000o\000l\000a\000t\000i\000o\000n}{part.2}% 65
\BOOKMARK [1][-]{section.7.1}{\376\377\000I\000N\000T\000R\000O\000D\000U\000C\000T\000I\000O\000N\000\040\000T\000O\000\040\000I\000N\000T\000E\000R\000P\000O\000L\000A\000T\000I\000O\000N}{chapter.7}% 66
\BOOKMARK [2][-]{subsection.7.1.1}{\376\377\000D\000e\000t\000e\000r\000m\000i\000n\000i\000n\000g\000\040\000P\000o\000l\000y\000n\000o\000m\000i\000a\000l\000\040\000C\000o\000e\000f\000f\000i\000c\000i\000e\000n\000t\000s}{section.7.1}% 67
\BOOKMARK [2][-]{subsection.7.1.2}{\376\377\000M\000A\000T\000L\000A\000B\000\040\000F\000u\000n\000c\000t\000i\000o\000n\000s\000:\000\040\000p\000o\000l\000y\000f\000i\000t\000\040\000a\000n\000d\000\040\000p\000o\000l\000y\000v\000a\000l}{section.7.1}% 68
\BOOKMARK [1][-]{section.7.2}{\376\377\000N\000E\000W\000T\000O\000N\000\040\000I\000N\000T\000E\000R\000P\000O\000L\000A\000T\000I\000N\000G\000\040\000P\000O\000L\000Y\000N\000O\000M\000I\000A\000L}{chapter.7}% 69
\BOOKMARK [2][-]{subsection.7.2.1}{\376\377\000L\000i\000n\000e\000a\000r\000\040\000I\000n\000t\000e\000r\000p\000o\000l\000a\000t\000i\000o\000n}{section.7.2}% 70
\BOOKMARK [2][-]{subsection.7.2.2}{\376\377\000Q\000u\000a\000d\000r\000a\000t\000i\000c\000\040\000I\000n\000t\000e\000r\000p\000o\000l\000a\000t\000i\000o\000n}{section.7.2}% 71
\BOOKMARK [2][-]{subsection.7.2.3}{\376\377\000G\000e\000n\000e\000r\000a\000l\000\040\000F\000o\000r\000m\000\040\000o\000f\000\040\000N\000e\000w\000t\000o\000n\000'\000s\000\040\000I\000n\000t\000e\000r\000p\000o\000l\000a\000t\000i\000n\000g\000\040\000P\000o\000l\000y\000n\000o\000m\000i\000a\000l\000s}{section.7.2}% 72
\BOOKMARK [2][-]{subsection.7.2.4}{\376\377\000M\000A\000T\000L\000A\000B\000\040\000M\000-\000f\000i\000l\000e\000:\000\040\000N\000e\000w\000t\000i\000n\000t}{section.7.2}% 73
\BOOKMARK [1][-]{section.7.3}{\376\377\000L\000A\000G\000R\000A\000N\000G\000E\000\040\000I\000N\000T\000E\000R\000P\000O\000L\000A\000T\000I\000N\000G\000\040\000P\000O\000L\000Y\000N\000O\000M\000I\000A\000L}{chapter.7}% 74
\BOOKMARK [2][-]{subsection.7.3.1}{\376\377\000M\000A\000T\000L\000A\000B\000\040\000M\000-\000f\000i\000l\000e\000:\000\040\000L\000a\000g\000r\000a\000n\000g\000e}{section.7.3}% 75
\BOOKMARK [1][-]{section.7.4}{\376\377\000E\000X\000T\000R\000A\000P\000O\000L\000A\000T\000I\000O\000N\000\040\000A\000N\000D\000\040\000O\000S\000C\000I\000L\000L\000A\000T\000I\000O\000N\000S}{chapter.7}% 76
\BOOKMARK [2][-]{subsection.7.4.1}{\376\377\000E\000x\000t\000r\000a\000p\000o\000l\000a\000t\000i\000o\000n}{section.7.4}% 77
\BOOKMARK [2][-]{subsection.7.4.2}{\376\377\000O\000s\000c\000i\000l\000l\000a\000t\000i\000o\000n\000s}{section.7.4}% 78
\BOOKMARK [0][-]{chapter.8}{\376\377\000S\000p\000l\000i\000n\000e\000s\000\040\000a\000n\000d\000\040\000P\000i\000e\000c\000e\000w\000i\000s\000e\000\040\000I\000n\000t\000e\000r\000p\000o\000l\000a\000t\000i\000o\000n}{part.2}% 79
\BOOKMARK [1][-]{section.8.1}{\376\377\000I\000N\000T\000R\000O\000D\000U\000C\000T\000I\000O\000N\000\040\000T\000O\000\040\000S\000P\000L\000I\000N\000E\000S}{chapter.8}% 80
\BOOKMARK [1][-]{section.8.2}{\376\377\000L\000I\000N\000E\000A\000R\000\040\000S\000P\000L\000I\000N\000E\000S}{chapter.8}% 81
\BOOKMARK [2][-]{subsection.8.2.1}{\376\377\000T\000a\000b\000l\000e\000\040\000L\000o\000o\000k\000u\000p}{section.8.2}% 82
\BOOKMARK [1][-]{section.8.3}{\376\377\000Q\000U\000A\000D\000R\000A\000T\000I\000C\000\040\000S\000P\000L\000I\000N\000E\000S}{chapter.8}% 83
\BOOKMARK [1][-]{section.8.4}{\376\377\000C\000U\000B\000I\000C\000\040\000S\000P\000L\000I\000N\000E\000S}{chapter.8}% 84
\BOOKMARK [2][-]{subsection.8.4.1}{\376\377\000D\000e\000r\000i\000v\000a\000t\000i\000o\000n\000\040\000o\000f\000\040\000C\000u\000b\000i\000c\000\040\000S\000p\000l\000i\000n\000e\000s}{section.8.4}% 85
\BOOKMARK [2][-]{subsection.8.4.2}{\376\377\000E\000n\000d\000\040\000C\000o\000n\000d\000i\000t\000i\000o\000n\000s}{section.8.4}% 86
\BOOKMARK [1][-]{section.8.5}{\376\377\000P\000I\000E\000C\000E\000W\000I\000S\000E\000\040\000I\000N\000T\000E\000R\000P\000O\000L\000A\000T\000I\000O\000N\000\040\000I\000N\000\040\000M\000A\000T\000L\000A\000B}{chapter.8}% 87
\BOOKMARK [2][-]{subsection.8.5.1}{\376\377\000M\000A\000T\000L\000A\000B\000\040\000F\000u\000n\000c\000t\000i\000o\000n\000:\000\040\000s\000p\000l\000i\000n\000e}{section.8.5}% 88
\BOOKMARK [2][-]{subsection.8.5.2}{\376\377\000M\000A\000T\000L\000A\000B\000\040\000F\000u\000n\000c\000t\000i\000o\000n\000:\000\040\000i\000n\000t\000e\000r\000p\0001}{section.8.5}% 89
\BOOKMARK [1][-]{section.8.6}{\376\377\000M\000U\000L\000T\000I\000D\000I\000M\000E\000N\000S\000I\000O\000N\000A\000L\000\040\000I\000N\000T\000E\000R\000P\000O\000L\000A\000T\000I\000O\000N}{chapter.8}% 90
\BOOKMARK [2][-]{subsection.8.6.1}{\376\377\000B\000i\000l\000i\000n\000e\000a\000r\000\040\000I\000n\000t\000e\000r\000p\000o\000l\000a\000t\000i\000o\000n}{section.8.6}% 91
\BOOKMARK [2][-]{subsection.8.6.2}{\376\377\000\040\000M\000u\000l\000t\000i\000d\000i\000m\000e\000n\000s\000i\000o\000n\000a\000l\000\040\000I\000n\000t\000e\000r\000p\000o\000l\000a\000t\000i\000o\000n\000\040\000i\000n\000\040\000M\000A\000T\000L\000A\000B}{section.8.6}% 92
\BOOKMARK [1][-]{section.8.7}{\376\377\000C\000A\000S\000E\000\040\000S\000T\000U\000D\000Y\000:\000\040\000H\000E\000A\000T\000\040\000T\000R\000A\000N\000S\000F\000E\000R}{chapter.8}% 93
\BOOKMARK [1][-]{section.8.8}{\376\377\000P\000R\000O\000B\000L\000E\000M\000S}{chapter.8}% 94
\BOOKMARK [0][-]{chapter.9}{\376\377\000N\000u\000m\000e\000r\000i\000c\000a\000l\000\040\000I\000n\000t\000e\000g\000r\000a\000t\000i\000o\000n\000\040\000F\000o\000r\000m\000u\000l\000a\000s}{part.2}% 95
\BOOKMARK [1][-]{section.9.1}{\376\377\000I\000N\000T\000R\000O\000D\000U\000C\000T\000I\000O\000N\000\040\000A\000N\000D\000\040\000B\000A\000C\000K\000G\000R\000O\000U\000N\000D}{chapter.9}% 96
\BOOKMARK [2][-]{subsection.9.1.1}{\376\377\000W\000h\000a\000t\000\040\000I\000s\000\040\000I\000n\000t\000e\000g\000r\000a\000t\000i\000o\000n\000?}{section.9.1}% 97
\BOOKMARK [1][-]{section.9.2}{\376\377\000I\000n\000t\000e\000g\000r\000a\000t\000i\000o\000n\000\040\000i\000n\000\040\000E\000n\000g\000i\000n\000e\000e\000r\000i\000n\000g\000\040\000a\000n\000d\000\040\000S\000c\000i\000e\000n\000c\000e}{chapter.9}% 98
\BOOKMARK [1][-]{section.9.3}{\376\377\000N\000E\000W\000T\000O\000N\000-\000C\000O\000T\000E\000S\000\040\000F\000O\000R\000M\000U\000L\000A\000S}{chapter.9}% 99
\BOOKMARK [1][-]{section.9.4}{\376\377\000T\000H\000E\000\040\000T\000R\000A\000P\000E\000Z\000O\000I\000D\000A\000L\000\040\000R\000U\000L\000E}{chapter.9}% 100
\BOOKMARK [2][-]{subsection.9.4.1}{\376\377\000E\000r\000r\000o\000r\000\040\000o\000f\000\040\000t\000h\000e\000\040\000T\000r\000a\000p\000e\000z\000o\000i\000d\000a\000l\000\040\000R\000u\000l\000e}{section.9.4}% 101
\BOOKMARK [2][-]{subsection.9.4.2}{\376\377\000T\000h\000e\000\040\000C\000o\000m\000p\000o\000s\000i\000t\000e\000\040\000T\000r\000a\000p\000e\000z\000o\000i\000d\000a\000l\000\040\000R\000u\000l\000e}{section.9.4}% 102
\BOOKMARK [2][-]{subsection.9.4.3}{\376\377\000M\000A\000T\000L\000A\000B\000\040\000M\000-\000f\000i\000l\000e\000:\000\040\000t\000r\000a\000p}{section.9.4}% 103
\BOOKMARK [1][-]{section.9.5}{\376\377\000S\000I\000M\000P\000S\000O\000N\000'\000S\000\040\000R\000U\000L\000E\000S}{chapter.9}% 104
\BOOKMARK [2][-]{subsection.9.5.1}{\376\377\000S\000i\000m\000p\000s\000o\000n\000'\000s\000\040\0001\000/\0003\000\040\000R\000u\000l\000e}{section.9.5}% 105
\BOOKMARK [2][-]{subsection.9.5.2}{\376\377\000T\000h\000e\000\040\000C\000o\000m\000p\000o\000s\000i\000t\000e\000\040\000S\000i\000m\000p\000s\000o\000n\000'\000s\000\040\0001\000/\0003\000\040\000R\000u\000l\000e}{section.9.5}% 106
\BOOKMARK [2][-]{subsection.9.5.3}{\376\377\000\040\000S\000i\000m\000p\000s\000o\000n\000'\000s\000\040\0003\000/\0008\000\040\000R\000u\000l\000e}{section.9.5}% 107
\BOOKMARK [1][-]{section.9.6}{\376\377\000\040\000H\000I\000G\000H\000E\000R\000-\000O\000R\000D\000E\000R\000\040\000N\000E\000W\000T\000O\000N\000-\000C\000O\000T\000E\000S\000\040\000F\000O\000R\000M\000U\000L\000A\000S}{chapter.9}% 108
\BOOKMARK [1][-]{section.9.7}{\376\377\000I\000N\000T\000E\000G\000R\000A\000T\000I\000O\000N\000\040\000W\000I\000T\000H\000\040\000U\000N\000E\000Q\000U\000A\000L\000\040\000S\000E\000G\000M\000E\000N\000T\000S}{chapter.9}% 109
\BOOKMARK [2][-]{subsection.9.7.1}{\376\377\000M\000A\000T\000L\000A\000B\000\040\000M\000-\000f\000i\000l\000e\000:\000\040\000t\000r\000a\000p\000u\000n\000e\000q}{section.9.7}% 110
\BOOKMARK [2][-]{subsection.9.7.2}{\376\377\000\040\000M\000A\000T\000L\000A\000B\000\040\000F\000u\000n\000c\000t\000i\000o\000n\000s\000:\000\040\000t\000r\000a\000p\000z\000\040\000a\000n\000d\000\040\000c\000u\000m\000t\000r\000a\000p\000z}{section.9.7}% 111
\BOOKMARK [1][-]{section.9.8}{\376\377\000O\000P\000E\000N\000\040\000M\000E\000T\000H\000O\000D\000S}{chapter.9}% 112
\BOOKMARK [1][-]{section.9.9}{\376\377\000M\000U\000L\000T\000I\000P\000L\000E\000\040\000I\000N\000T\000E\000G\000R\000A\000L\000S}{chapter.9}% 113
\BOOKMARK [2][-]{subsection.9.9.1}{\376\377\000M\000A\000T\000L\000A\000B\000\040\000F\000u\000n\000c\000t\000i\000o\000n\000s\000:\000\040\000d\000b\000l\000q\000u\000a\000d\000\040\000a\000n\000d\000\040\000t\000r\000i\000p\000l\000e\000q\000u\000a\000d}{section.9.9}% 114
\BOOKMARK [1][-]{section.9.10}{\376\377\000C\000A\000S\000E\000\040\000S\000T\000U\000D\000Y\000:\000\040\000C\000O\000M\000P\000U\000T\000I\000N\000G\000\040\000W\000O\000R\000K\000\040\000W\000I\000T\000H\000\040\000N\000U\000M\000E\000R\000I\000C\000A\000L\000\040\000I\000N\000T\000E\000G\000R\000A\000T\000I\000O\000N}{chapter.9}% 115
\BOOKMARK [1][-]{section.9.11}{\376\377\000P\000R\000O\000B\000L\000E\000M\000S}{chapter.9}% 116
\BOOKMARK [0][-]{chapter.10}{\376\377\000A\000d\000a\000p\000t\000i\000v\000e\000\040\000m\000e\000t\000h\000o\000d\000s\000\040\000a\000n\000d\000\040\000S\000t\000i\000f\000f\000\040\000S\000y\000s\000t\000e\000m\000s}{part.2}% 117
\BOOKMARK [1][-]{section.10.1}{\376\377\000A\000d\000a\000p\000t\000i\000v\000e\000\040\000R\000u\000n\000g\000e\000-\000K\000u\000t\000t\000a\000\040\000m\000e\000t\000h\000o\000d\000s}{chapter.10}% 118
\BOOKMARK [2][-]{subsection.10.1.1}{\376\377\000M\000A\000T\000L\000A\000B\000\040\000F\000u\000n\000c\000t\000i\000o\000n\000\040\000f\000o\000r\000\040\000N\000o\000n\000s\000t\000i\000f\000f\000\040\000S\000y\000s\000t\000e\000m}{section.10.1}% 119
\BOOKMARK [2][-]{subsection.10.1.2}{\376\377\000E\000v\000e\000n\000t\000s}{section.10.1}% 120
\BOOKMARK [1][-]{section.10.2}{\376\377\000M\000u\000l\000t\000i\000s\000t\000e\000p\000\040\000m\000e\000t\000h\000o\000d\000s}{chapter.10}% 121
\BOOKMARK [2][-]{subsection.10.2.1}{\376\377\000T\000h\000e\000\040\000N\000o\000n\000-\000S\000e\000l\000f\000-\000S\000t\000a\000r\000t\000i\000n\000g\000\040\000H\000e\000u\000n\000\040\000M\000e\000t\000h\000o\000d}{section.10.2}% 122
\BOOKMARK [2][-]{subsection.10.2.2}{\376\377\000E\000r\000r\000o\000r\000\040\000e\000s\000t\000i\000m\000a\000t\000e\000s}{section.10.2}% 123
\BOOKMARK [1][-]{section.10.3}{\376\377\000S\000t\000i\000f\000f\000n\000e\000s\000s}{chapter.10}% 124
\BOOKMARK [2][-]{subsection.10.3.1}{\376\377\000M\000A\000T\000L\000A\000B\000\040\000F\000u\000n\000c\000t\000i\000o\000n\000s\000\040\000f\000o\000r\000\040\000S\000t\000i\000f\000f\000\040\000S\000y\000s\000t\000e\000m\000s}{section.10.3}% 125
\BOOKMARK [1][-]{section.10.4}{\376\377\000M\000A\000T\000L\000A\000B\000\040\000A\000p\000p\000l\000i\000c\000a\000t\000i\000o\000n\000:\000\040\000B\000u\000n\000g\000e\000e\000\040\000J\000u\000m\000p\000e\000r\000\040\000w\000i\000t\000h\000\040\000C\000o\000r\000d}{chapter.10}% 126
\BOOKMARK [1][-]{section.10.5}{\376\377\000\040\000C\000a\000s\000e\000\040\000S\000t\000u\000d\000y\000:\000\040\000P\000l\000i\000n\000y\000'\000s\000\040\000I\000n\000t\000e\000r\000m\000i\000t\000t\000e\000n\000t\000\040\000F\000o\000u\000n\000t\000a\000i\000n}{chapter.10}% 127
\BOOKMARK [1][-]{section.10.6}{\376\377\000P\000R\000O\000B\000L\000E\000M\000S}{chapter.10}% 128
\BOOKMARK [0][-]{chapter.11}{\376\377\000B\000o\000u\000n\000d\000a\000r\000y\000-\000V\000a\000l\000u\000e\000\040\000P\000r\000o\000b\000l\000e\000m\000s}{part.2}% 129
\BOOKMARK [1][-]{section.11.1}{\376\377\000I\000n\000t\000r\000o\000d\000u\000c\000i\000t\000o\000n\000\040\000a\000n\000d\000\040\000b\000a\000c\000k\000g\000r\000o\000u\000n\000d}{chapter.11}% 130
\BOOKMARK [2][-]{subsection.11.1.1}{\376\377\000W\000h\000a\000t\000\040\000a\000r\000e\000\040\000B\000o\000u\000n\000d\000a\000r\000y\000-\000V\000a\000l\000u\000e\000\040\000P\000r\000o\000b\000l\000e\000m\000s\000?}{section.11.1}% 131
\BOOKMARK [2][-]{subsection.11.1.2}{\376\377\000B\000o\000u\000n\000d\000a\000r\000y\000-\000V\000a\000l\000u\000e\000\040\000P\000r\000o\000b\000l\000e\000m\000s\000\040\000i\000n\000\040\000E\000n\000g\000i\000n\000e\000e\000r\000i\000n\000g\000\040\000a\000n\000d\000\040\000S\000c\000i\000e\000n\000c\000e}{section.11.1}% 132
\BOOKMARK [1][-]{section.11.2}{\376\377\000T\000h\000e\000\040\000S\000h\000o\000o\000t\000i\000n\000g\000\040\000M\000e\000t\000h\000o\000d}{chapter.11}% 133
\BOOKMARK [2][-]{subsection.11.2.1}{\376\377\000D\000e\000r\000i\000a\000t\000i\000v\000e\000\040\000B\000o\000u\000n\000d\000r\000y\000\040\000C\000o\000n\000d\000i\000t\000i\000o\000n\000s}{section.11.2}% 134
\BOOKMARK [2][-]{subsection.11.2.2}{\376\377\000T\000h\000e\000\040\000S\000h\000o\000o\000t\000i\000n\000g\000\040\000M\000e\000t\000h\000o\000d\000\040\000f\000o\000r\000\040\000N\000o\000n\000l\000i\000n\000e\000a\000r\000\040\000O\000D\000E\000s}{section.11.2}% 135
\BOOKMARK [1][-]{section.11.3}{\376\377\000F\000i\000n\000i\000t\000e\000-\000D\000i\000f\000f\000e\000r\000e\000n\000c\000e\000\040\000M\000e\000t\000h\000o\000d\000s}{chapter.11}% 136
\BOOKMARK [2][-]{subsection.11.3.1}{\376\377\000D\000e\000r\000i\000v\000a\000t\000i\000v\000e\000\040\000B\000o\000u\000n\000d\000a\000r\000y\000\040\000C\000o\000n\000d\000i\000t\000i\000o\000n\000s}{section.11.3}% 137
\BOOKMARK [2][-]{subsection.11.3.2}{\376\377\000F\000i\000n\000i\000t\000e\000-\000D\000i\000f\000f\000e\000r\000e\000n\000c\000e\000\040\000A\000p\000p\000r\000o\000a\000c\000h\000e\000s\000\040\000f\000o\000r\000\040\000N\000o\000n\000l\000i\000n\000e\000a\000r\000\040\000O\000D\000E\000s}{section.11.3}% 138
\BOOKMARK [1][-]{section.11.4}{\376\377\000P\000r\000o\000b\000l\000e\000m\000s}{chapter.11}% 139
